<?xml version="1.0" encoding="UTF-8"?>
<!-- Generated by org.testng.reporters.JUnitReportReporter -->
<testsuite hostname="Roger" failures="0" tests="11" name="CucumberRunner.FeatureRunner" time="86.760" errors="0" timestamp="2023-07-07T17:13:37 IST" skipped="0">
  <testcase classname="CucumberRunner.FeatureRunner" name="runScenario" time="10.014"/>
  <testcase classname="CucumberRunner.FeatureRunner" name="runScenario" time="12.494"/>
  <testcase classname="CucumberRunner.FeatureRunner" name="runScenario" time="12.546"/>
  <testcase classname="CucumberRunner.FeatureRunner" name="runScenario" time="0.312"/>
  <testcase classname="CucumberRunner.FeatureRunner" name="runScenario" time="18.844"/>
  <testcase classname="CucumberRunner.FeatureRunner" name="runScenario" time="6.572"/>
  <testcase classname="CucumberRunner.FeatureRunner" name="runScenario" time="6.423"/>
  <testcase classname="CucumberRunner.FeatureRunner" name="runScenario" time="6.703"/>
  <testcase classname="CucumberRunner.FeatureRunner" name="runScenario" time="6.311"/>
  <testcase classname="CucumberRunner.FeatureRunner" name="runScenario" time="0.179"/>
  <testcase classname="CucumberRunner.FeatureRunner" name="runScenario" time="6.362"/>
</testsuite> <!-- CucumberRunner.FeatureRunner -->
